Working on problem size N=8388608 
 inside direct_sum problem_setup, N=8388608 
0.000000, 0.000000,..., 0.000000, 0.000000, 0.000000
 inside direct_sum perform_sum, N=8388608 
Problem size N=8388608 took 0.007647 seconds Sum result = 35197542203392.000000 
Working on problem size N=16777216 
 inside direct_sum problem_setup, N=16777216 
0.000000, 0.000000,..., 0.000000, 0.000000, 0.000000
 inside direct_sum perform_sum, N=16777216 
Problem size N=16777216 took 0.015168 seconds Sum result = 146610319261696.000000 
Working on problem size N=33554432 
 inside direct_sum problem_setup, N=33554432 
0.000000, 0.000000,..., 0.000000, 0.000000, 0.000000
 inside direct_sum perform_sum, N=33554432 
Problem size N=33554432 took 0.029899 seconds Sum result = 562949953421312.000000 
Working on problem size N=67108864 
 inside direct_sum problem_setup, N=67108864 
0.000000, 0.000000,..., 0.000000, 0.000000, 0.000000
 inside direct_sum perform_sum, N=67108864 
Problem size N=67108864 took 0.058546 seconds Sum result = 1125899906842624.000000 
Working on problem size N=134217728 
 inside direct_sum problem_setup, N=134217728 
0.000000, 0.000000,..., 0.000000, 0.000000, 0.000000
 inside direct_sum perform_sum, N=134217728 
Problem size N=134217728 took 0.115444 seconds Sum result = 2251799813685248.000000 
Working on problem size N=268435456 
 inside direct_sum problem_setup, N=268435456 
0.000000, 0.000000,..., 0.000000, 0.000000, 0.000000
 inside direct_sum perform_sum, N=268435456 
Problem size N=268435456 took 0.229865 seconds Sum result = 4503599627370496.000000 
Working on problem size N=8388608 
 inside sum_vector problem_setup, N=8388608 
0.000000, 1.000000,..., 8388605.000000, 8388606.000000, 8388607.000000
 inside sum_vector perform_sum, N=8388608 
Problem size N=8388608 took 0.007489 seconds Sum result = 35197542203392.000000 
Working on problem size N=16777216 
 inside sum_vector problem_setup, N=16777216 
0.000000, 1.000000,..., 16777213.000000, 16777214.000000, 16777215.000000
 inside sum_vector perform_sum, N=16777216 
Problem size N=16777216 took 0.014669 seconds Sum result = 146610319261696.000000 
Working on problem size N=33554432 
 inside sum_vector problem_setup, N=33554432 
0.000000, 1.000000,..., 33554428.000000, 33554430.000000, 33554432.000000
 inside sum_vector perform_sum, N=33554432 
Problem size N=33554432 took 0.029272 seconds Sum result = 562949953421312.000000 
Working on problem size N=67108864 
 inside sum_vector problem_setup, N=67108864 
0.000000, 1.000000,..., 67108860.000000, 67108864.000000, 67108864.000000
 inside sum_vector perform_sum, N=67108864 
Problem size N=67108864 took 0.057703 seconds Sum result = 1125899906842624.000000 
Working on problem size N=134217728 
 inside sum_vector problem_setup, N=134217728 
0.000000, 1.000000,..., 134217728.000000, 134217728.000000, 134217728.000000
 inside sum_vector perform_sum, N=134217728 
Problem size N=134217728 took 0.114979 seconds Sum result = 2251799813685248.000000 
Working on problem size N=268435456 
 inside sum_vector problem_setup, N=268435456 
0.000000, 1.000000,..., 268435456.000000, 268435456.000000, 268435456.000000
 inside sum_vector perform_sum, N=268435456 
Problem size N=268435456 took 0.229907 seconds Sum result = 4503599627370496.000000 
Working on problem size N=8388608 
 inside sum_indirect problem_setup, N=8388608 
2284919.000000, 29283.000000,..., 3166304.000000, 1424835.000000, 541287.000000
 inside sum_indirect perform_sum, N=8388608 
Problem size N=8388608 took 0.034121 seconds Sum result = 9197990182912.000000 
Working on problem size N=16777216 
 inside sum_indirect problem_setup, N=16777216 
8728896.000000, 1426006.000000,..., 1854668.000000, 12591316.000000, 245743.000000
 inside sum_indirect perform_sum, N=16777216 
Problem size N=16777216 took 0.930266 seconds Sum result = 140705267712000.000000 
Working on problem size N=33554432 
 inside sum_indirect problem_setup, N=33554432 
26186688.000000, 22352220.000000,..., 4956086.000000, 30277808.000000, 10156657.000000
 inside sum_indirect perform_sum, N=33554432 
Problem size N=33554432 took 0.143744 seconds Sum result = 562949953421312.000000 
Working on problem size N=67108864 
 inside sum_indirect problem_setup, N=67108864 
27547840.000000, 22402088.000000,..., 55427484.000000, 42832208.000000, 12722604.000000
 inside sum_indirect perform_sum, N=67108864 
Problem size N=67108864 took 1.074983 seconds Sum result = 1125899906842624.000000 
Working on problem size N=134217728 
 inside sum_indirect problem_setup, N=134217728 
18615084.000000, 91372368.000000,..., 89048384.000000, 41790920.000000, 118808800.000000
 inside sum_indirect perform_sum, N=134217728 
Problem size N=134217728 took 1.071542 seconds Sum result = 2251799813685248.000000 
Working on problem size N=268435456 
 inside sum_indirect problem_setup, N=268435456 
59895588.000000, 36724076.000000,..., 33581296.000000, 92196848.000000, 151791040.000000
 inside sum_indirect perform_sum, N=268435456 
Problem size N=268435456 took 2.235833 seconds Sum result = 4503599627370496.000000 
Working on problem size N=8388608 
 inside sum_indirect problem_setup, N=8388608 
2284919.000000, 29283.000000,..., 3166304.000000, 1424835.000000, 541287.000000
 inside sum_indirect perform_sum, N=8388608 
Problem size N=8388608 took 0.034111 seconds Sum result = 9197990182912.000000 
Working on problem size N=16777216 
 inside sum_indirect problem_setup, N=16777216 
8728896.000000, 1426006.000000,..., 1854668.000000, 12591316.000000, 245743.000000
 inside sum_indirect perform_sum, N=16777216 
Problem size N=16777216 took 0.926269 seconds Sum result = 140705267712000.000000 
Working on problem size N=33554432 
 inside sum_indirect problem_setup, N=33554432 
26186688.000000, 22352220.000000,..., 4956086.000000, 30277808.000000, 10156657.000000
 inside sum_indirect perform_sum, N=33554432 
Problem size N=33554432 took 0.140400 seconds Sum result = 562949953421312.000000 
Working on problem size N=67108864 
 inside sum_indirect problem_setup, N=67108864 
27547840.000000, 22402088.000000,..., 55427484.000000, 42832208.000000, 12722604.000000
 inside sum_indirect perform_sum, N=67108864 
Problem size N=67108864 took 1.086544 seconds Sum result = 1125899906842624.000000 
Working on problem size N=134217728 
 inside sum_indirect problem_setup, N=134217728 
18615084.000000, 91372368.000000,..., 89048384.000000, 41790920.000000, 118808800.000000
 inside sum_indirect perform_sum, N=134217728 
Problem size N=134217728 took 1.064421 seconds Sum result = 2251799813685248.000000 
Working on problem size N=268435456 
 inside sum_indirect problem_setup, N=268435456 
59895588.000000, 36724076.000000,..., 33581296.000000, 92196848.000000, 151791040.000000
 inside sum_indirect perform_sum, N=268435456 
Problem size N=268435456 took 2.248201 seconds Sum result = 4503599627370496.000000 
Working on problem size N=8388608 
 inside sum_indirect problem_setup, N=8388608 
2284919.000000, 29283.000000,..., 3166304.000000, 1424835.000000, 541287.000000
 inside sum_indirect perform_sum, N=8388608 
Problem size N=8388608 took 0.034109 seconds Sum result = 9197990182912.000000 
Working on problem size N=16777216 
 inside sum_indirect problem_setup, N=16777216 
8728896.000000, 1426006.000000,..., 1854668.000000, 12591316.000000, 245743.000000
 inside sum_indirect perform_sum, N=16777216 
Problem size N=16777216 took 0.931749 seconds Sum result = 140705267712000.000000 
Working on problem size N=33554432 
 inside sum_indirect problem_setup, N=33554432 
26186688.000000, 22352220.000000,..., 4956086.000000, 30277808.000000, 10156657.000000
 inside sum_indirect perform_sum, N=33554432 
Problem size N=33554432 took 0.146609 seconds Sum result = 562949953421312.000000 
Working on problem size N=67108864 
 inside sum_indirect problem_setup, N=67108864 
27547840.000000, 22402088.000000,..., 55427484.000000, 42832208.000000, 12722604.000000
 inside sum_indirect perform_sum, N=67108864 
Problem size N=67108864 took 1.071230 seconds Sum result = 1125899906842624.000000 
Working on problem size N=134217728 
 inside sum_indirect problem_setup, N=134217728 
18615084.000000, 91372368.000000,..., 89048384.000000, 41790920.000000, 118808800.000000
 inside sum_indirect perform_sum, N=134217728 
Problem size N=134217728 took 1.079379 seconds Sum result = 2251799813685248.000000 
Working on problem size N=268435456 
 inside sum_indirect problem_setup, N=268435456 
59895588.000000, 36724076.000000,..., 33581296.000000, 92196848.000000, 151791040.000000
 inside sum_indirect perform_sum, N=268435456 
Problem size N=268435456 took 2.252624 seconds Sum result = 4503599627370496.000000 
Working on problem size N=8388608 
 inside sum_indirect problem_setup, N=8388608 
2019504.000000, 6102003.000000,..., 2142356.000000, 6712219.000000, 2655018.000000
 inside sum_indirect perform_sum, N=8388608 
Problem size N=8388608 took 0.143218 seconds Sum result = 35212813664256.000000 
Working on problem size N=16777216 
 inside sum_indirect problem_setup, N=16777216 
5027305.000000, 1643596.000000,..., 13041927.000000, 6537424.000000, 1961173.000000
 inside sum_indirect perform_sum, N=16777216 
Problem size N=16777216 took 0.931967 seconds Sum result = 140743796588544.000000 
Working on problem size N=33554432 
 inside sum_indirect problem_setup, N=33554432 
20948320.000000, 24311332.000000,..., 12422552.000000, 28895788.000000, 23987776.000000
 inside sum_indirect perform_sum, N=33554432 
Problem size N=33554432 took 0.227011 seconds Sum result = 562949953421312.000000 
Working on problem size N=67108864 
 inside sum_indirect problem_setup, N=67108864 
28984632.000000, 33761924.000000,..., 20956808.000000, 37153720.000000, 38866288.000000
 inside sum_indirect perform_sum, N=67108864 
Problem size N=67108864 took 1.039003 seconds Sum result = 1125899906842624.000000 
Working on problem size N=134217728 
 inside sum_indirect problem_setup, N=134217728 
34689336.000000, 39008532.000000,..., 29279028.000000, 83127112.000000, 100898760.000000
 inside sum_indirect perform_sum, N=134217728 
Problem size N=134217728 took 1.081781 seconds Sum result = 2251799813685248.000000 
Working on problem size N=268435456 
 inside sum_indirect problem_setup, N=268435456 
45309676.000000, 176009312.000000,..., 216620352.000000, 157578720.000000, 54803976.000000
 inside sum_indirect perform_sum, N=268435456 
Problem size N=268435456 took 1.719969 seconds Sum result = 4503599627370496.000000 
Working on problem size N=8388608 
 inside sum_indirect problem_setup, N=8388608 
6854778.000000, 899163.000000,..., 6208093.000000, 7897883.000000, 903612.000000
 inside sum_indirect perform_sum, N=8388608 
Problem size N=8388608 took 0.139624 seconds Sum result = 35227170766848.000000 
Working on problem size N=16777216 
 inside sum_indirect problem_setup, N=16777216 
15833706.000000, 2639639.000000,..., 14804861.000000, 603620.000000, 735819.000000
 inside sum_indirect perform_sum, N=16777216 
Problem size N=16777216 took 0.921107 seconds Sum result = 140752772399104.000000 
Working on problem size N=33554432 
 inside sum_indirect problem_setup, N=33554432 
21883180.000000, 23097256.000000,..., 13216667.000000, 8178684.000000, 28722356.000000
 inside sum_indirect perform_sum, N=33554432 
Problem size N=33554432 took 0.213998 seconds Sum result = 559831471620096.000000 
Working on problem size N=67108864 
 inside sum_indirect problem_setup, N=67108864 
49145568.000000, 52394292.000000,..., 56214984.000000, 556147.000000, 50337020.000000
 inside sum_indirect perform_sum, N=67108864 
Problem size N=67108864 took 0.511830 seconds Sum result = 1125899906842624.000000 
Working on problem size N=134217728 
 inside sum_indirect problem_setup, N=134217728 
64959808.000000, 30345156.000000,..., 133393416.000000, 44430516.000000, 100444888.000000
 inside sum_indirect perform_sum, N=134217728 
Problem size N=134217728 took 1.080998 seconds Sum result = 2251799813685248.000000 
Working on problem size N=268435456 
 inside sum_indirect problem_setup, N=268435456 
254169600.000000, 213195952.000000,..., 248959072.000000, 117755320.000000, 225882896.000000
 inside sum_indirect perform_sum, N=268435456 
Problem size N=268435456 took 4.884427 seconds Sum result = 4503599627370496.000000 
Working on problem size N=8388608 
 inside sum_indirect problem_setup, N=8388608 
4971001.000000, 8372483.000000,..., 1935836.000000, 3619367.000000, 1035550.000000
 inside sum_indirect perform_sum, N=8388608 
Problem size N=8388608 took 0.141678 seconds Sum result = 35178755915776.000000 
Working on problem size N=16777216 
 inside sum_indirect problem_setup, N=16777216 
15371200.000000, 112598.000000,..., 2769589.000000, 12615060.000000, 4667780.000000
 inside sum_indirect perform_sum, N=16777216 
Problem size N=16777216 took 0.923541 seconds Sum result = 140699831894016.000000 
Working on problem size N=33554432 
 inside sum_indirect problem_setup, N=33554432 
619163.000000, 24027668.000000,..., 10995590.000000, 30679600.000000, 20054884.000000
 inside sum_indirect perform_sum, N=33554432 
Problem size N=33554432 took 0.473330 seconds Sum result = 562949953421312.000000 
Working on problem size N=67108864 
 inside sum_indirect problem_setup, N=67108864 
5305531.000000, 57529972.000000,..., 61526432.000000, 23193510.000000, 9068874.000000
 inside sum_indirect perform_sum, N=67108864 
Problem size N=67108864 took 0.496640 seconds Sum result = 1125899906842624.000000 
Working on problem size N=134217728 
 inside sum_indirect problem_setup, N=134217728 
92323496.000000, 49429120.000000,..., 128467192.000000, 131416632.000000, 1947216.000000
 inside sum_indirect perform_sum, N=134217728 
Problem size N=134217728 took 1.105451 seconds Sum result = 2251799813685248.000000 
Working on problem size N=268435456 
 inside sum_indirect problem_setup, N=268435456 
263458064.000000, 4438774.000000,..., 190942320.000000, 184040640.000000, 79892416.000000
 inside sum_indirect perform_sum, N=268435456 
Problem size N=268435456 took 2.185742 seconds Sum result = 4503599627370496.000000 
