Working on method sum_direct, trial 1
Working on problem size N=8388608 
 inside direct_sum problem_setup, N=8388608 
 inside direct_sum perform_sum, N=8388608 
Problem size N=8388608 took 0.007496 seconds Sum result = 35197542203392.000000 
Working on problem size N=16777216 
 inside direct_sum problem_setup, N=16777216 
 inside direct_sum perform_sum, N=16777216 
Problem size N=16777216 took 0.014949 seconds Sum result = 146610319261696.000000 
Working on problem size N=33554432 
 inside direct_sum problem_setup, N=33554432 
 inside direct_sum perform_sum, N=33554432 
Problem size N=33554432 took 0.029759 seconds Sum result = 562949953421312.000000 
Working on problem size N=67108864 
 inside direct_sum problem_setup, N=67108864 
 inside direct_sum perform_sum, N=67108864 
Problem size N=67108864 took 0.057451 seconds Sum result = 1125899906842624.000000 
Working on problem size N=134217728 
 inside direct_sum problem_setup, N=134217728 
 inside direct_sum perform_sum, N=134217728 
Problem size N=134217728 took 0.114739 seconds Sum result = 2251799813685248.000000 
Working on problem size N=268435456 
 inside direct_sum problem_setup, N=268435456 
 inside direct_sum perform_sum, N=268435456 
Problem size N=268435456 took 0.229414 seconds Sum result = 4503599627370496.000000 
Working on method sum_vector, trial 1
Working on problem size N=8388608 
 inside sum_vector problem_setup, N=8388608 
 inside sum_vector perform_sum, N=8388608 
Problem size N=8388608 took 0.007512 seconds Sum result = 35197542203392.000000 
Working on problem size N=16777216 
 inside sum_vector problem_setup, N=16777216 
 inside sum_vector perform_sum, N=16777216 
Problem size N=16777216 took 0.014370 seconds Sum result = 146610319261696.000000 
Working on problem size N=33554432 
 inside sum_vector problem_setup, N=33554432 
 inside sum_vector perform_sum, N=33554432 
Problem size N=33554432 took 0.028723 seconds Sum result = 562949953421312.000000 
Working on problem size N=67108864 
 inside sum_vector problem_setup, N=67108864 
 inside sum_vector perform_sum, N=67108864 
Problem size N=67108864 took 0.057428 seconds Sum result = 1125899906842624.000000 
Working on problem size N=134217728 
 inside sum_vector problem_setup, N=134217728 
 inside sum_vector perform_sum, N=134217728 
Problem size N=134217728 took 0.114803 seconds Sum result = 2251799813685248.000000 
Working on problem size N=268435456 
 inside sum_vector problem_setup, N=268435456 
 inside sum_vector perform_sum, N=268435456 
Problem size N=268435456 took 0.229582 seconds Sum result = 4503599627370496.000000 
Working on method sum_indirect, trial 1
Working on problem size N=8388608 
Problem size N=8388608 took 0.053342 seconds Sum result = 36037774540800.000000 
Working on problem size N=16777216 
Problem size N=16777216 took 0.241136 seconds Sum result = 140696291901440.000000 
Working on problem size N=33554432 
Problem size N=33554432 took 0.189301 seconds Sum result = 562949953421312.000000 
Working on problem size N=67108864 
Problem size N=67108864 took 0.507324 seconds Sum result = 1125899906842624.000000 
Working on problem size N=134217728 
Problem size N=134217728 took 1.895236 seconds Sum result = 2251799813685248.000000 
Working on problem size N=268435456 
Problem size N=268435456 took 2.643808 seconds Sum result = 4503599627370496.000000 
Working on method sum_indirect, trial 2
Working on problem size N=8388608 
Problem size N=8388608 took 0.053598 seconds Sum result = 36037774540800.000000 
Working on problem size N=16777216 
Problem size N=16777216 took 0.235644 seconds Sum result = 140696291901440.000000 
Working on problem size N=33554432 
Problem size N=33554432 took 0.188289 seconds Sum result = 562949953421312.000000 
Working on problem size N=67108864 
Problem size N=67108864 took 0.502261 seconds Sum result = 1125899906842624.000000 
Working on problem size N=134217728 
Problem size N=134217728 took 1.664150 seconds Sum result = 2251799813685248.000000 
Working on problem size N=268435456 
Problem size N=268435456 took 2.815504 seconds Sum result = 4503599627370496.000000 
Working on method sum_indirect, trial 3
Working on problem size N=8388608 
Problem size N=8388608 took 0.053601 seconds Sum result = 36037774540800.000000 
Working on problem size N=16777216 
Problem size N=16777216 took 0.258480 seconds Sum result = 140696291901440.000000 
Working on problem size N=33554432 
Problem size N=33554432 took 0.188331 seconds Sum result = 562949953421312.000000 
Working on problem size N=67108864 
Problem size N=67108864 took 0.507984 seconds Sum result = 1125899906842624.000000 
Working on problem size N=134217728 
Problem size N=134217728 took 1.786381 seconds Sum result = 2251799813685248.000000 
Working on problem size N=268435456 
Problem size N=268435456 took 2.489024 seconds Sum result = 4503599627370496.000000 
Working on method sum_indirect_seed, trial 1
Working on problem size N=8388608 
seed: A412 00 B113Problem size N=8388608 took 0.052151 seconds Sum result = 35142835896320.000000 
Working on problem size N=16777216 
seed: A412 00 75EBProblem size N=16777216 took 0.153993 seconds Sum result = 140831004557312.000000 
Working on problem size N=33554432 
seed: A412 00 2F27Problem size N=33554432 took 0.208514 seconds Sum result = 549701422153728.000000 
Working on problem size N=67108864 
seed: A413 00 E198Problem size N=67108864 took 0.538439 seconds Sum result = 1125899906842624.000000 
Working on problem size N=134217728 
seed: A414 00 67B0Problem size N=134217728 took 1.104229 seconds Sum result = 2251799813685248.000000 
Working on problem size N=268435456 
seed: A416 00 EA9Problem size N=268435456 took 3.203040 seconds Sum result = 4503599627370496.000000 
Working on method sum_indirect_seed, trial 2
Working on problem size N=8388608 
seed: A41B 00 481AProblem size N=8388608 took 0.052987 seconds Sum result = 34984345731072.000000 
Working on problem size N=16777216 
seed: A41B 00 989FProblem size N=16777216 took 0.117449 seconds Sum result = 143036822585344.000000 
Working on problem size N=33554432 
seed: A41B 00 5E7FProblem size N=33554432 took 0.212361 seconds Sum result = 562949953421312.000000 
Working on problem size N=67108864 
seed: A41C 00 4051Problem size N=67108864 took 0.479414 seconds Sum result = 1125899906842624.000000 
Working on problem size N=134217728 
seed: A41D 00 D271Problem size N=134217728 took 2.386668 seconds Sum result = 2251799813685248.000000 
Working on problem size N=268435456 
seed: A420 00 DB1CProblem size N=268435456 took 2.231953 seconds Sum result = 4503599627370496.000000 
Working on method sum_indirect_seed, trial 3
Working on problem size N=8388608 
seed: A424 00 CFABProblem size N=8388608 took 0.055659 seconds Sum result = 34967052615680.000000 
Working on problem size N=16777216 
seed: A424 00 3B19Problem size N=16777216 took 0.108637 seconds Sum result = 141559790043136.000000 
Working on problem size N=33554432 
seed: A424 00 5434Problem size N=33554432 took 0.215006 seconds Sum result = 562949953421312.000000 
Working on problem size N=67108864 
seed: A425 00 4499Problem size N=67108864 took 0.734373 seconds Sum result = 1125899906842624.000000 
Working on problem size N=134217728 
seed: A426 00 A17EProblem size N=134217728 took 1.151976 seconds Sum result = 2251799813685248.000000 
Working on problem size N=268435456 
seed: A428 00 2BC5Problem size N=268435456 took 3.773510 seconds Sum result = 4503599627370496.000000 
