Working on method sum_direct, trial 1
Working on problem size N=8388608 
 inside direct_sum problem_setup, N=8388608 
 inside direct_sum perform_sum, N=8388608 
Problem size N=8388608 took 0.007548 seconds Sum result = 35197542203392.000000 
Working on problem size N=16777216 
 inside direct_sum problem_setup, N=16777216 
 inside direct_sum perform_sum, N=16777216 
Problem size N=16777216 took 0.014726 seconds Sum result = 146610319261696.000000 
Working on problem size N=33554432 
 inside direct_sum problem_setup, N=33554432 
 inside direct_sum perform_sum, N=33554432 
Problem size N=33554432 took 0.028913 seconds Sum result = 562949953421312.000000 
Working on problem size N=67108864 
 inside direct_sum problem_setup, N=67108864 
 inside direct_sum perform_sum, N=67108864 
Problem size N=67108864 took 0.057391 seconds Sum result = 1125899906842624.000000 
Working on problem size N=134217728 
 inside direct_sum problem_setup, N=134217728 
 inside direct_sum perform_sum, N=134217728 
Problem size N=134217728 took 0.114950 seconds Sum result = 2251799813685248.000000 
Working on problem size N=268435456 
 inside direct_sum problem_setup, N=268435456 
 inside direct_sum perform_sum, N=268435456 
Problem size N=268435456 took 0.230963 seconds Sum result = 4503599627370496.000000 
Working on method sum_vector, trial 1
Working on problem size N=8388608 
 inside sum_vector problem_setup, N=8388608 
 inside sum_vector perform_sum, N=8388608 
Problem size N=8388608 took 0.007494 seconds Sum result = 35197542203392.000000 
Working on problem size N=16777216 
 inside sum_vector problem_setup, N=16777216 
 inside sum_vector perform_sum, N=16777216 
Problem size N=16777216 took 0.014912 seconds Sum result = 146610319261696.000000 
Working on problem size N=33554432 
 inside sum_vector problem_setup, N=33554432 
 inside sum_vector perform_sum, N=33554432 
Problem size N=33554432 took 0.028731 seconds Sum result = 562949953421312.000000 
Working on problem size N=67108864 
 inside sum_vector problem_setup, N=67108864 
 inside sum_vector perform_sum, N=67108864 
Problem size N=67108864 took 0.057434 seconds Sum result = 1125899906842624.000000 
Working on problem size N=134217728 
 inside sum_vector problem_setup, N=134217728 
 inside sum_vector perform_sum, N=134217728 
Problem size N=134217728 took 0.114836 seconds Sum result = 2251799813685248.000000 
Working on problem size N=268435456 
 inside sum_vector problem_setup, N=268435456 
 inside sum_vector perform_sum, N=268435456 
Problem size N=268435456 took 0.229580 seconds Sum result = 4503599627370496.000000 
Working on method sum_indirect, trial 1
Working on problem size N=8388608 
Problem size N=8388608 took 0.054384 seconds Sum result = 36037774540800.000000 
Working on problem size N=16777216 
Problem size N=16777216 took 0.243268 seconds Sum result = 140696291901440.000000 
Working on problem size N=33554432 
Problem size N=33554432 took 0.188267 seconds Sum result = 562949953421312.000000 
Working on problem size N=67108864 
Problem size N=67108864 took 0.511200 seconds Sum result = 1125899906842624.000000 
Working on problem size N=134217728 
Problem size N=134217728 took 1.746421 seconds Sum result = 2251799813685248.000000 
Working on problem size N=268435456 
Problem size N=268435456 took 2.440210 seconds Sum result = 4503599627370496.000000 
Working on method sum_indirect, trial 2
Working on problem size N=8388608 
Problem size N=8388608 took 0.053367 seconds Sum result = 36037774540800.000000 
Working on problem size N=16777216 
Problem size N=16777216 took 0.259870 seconds Sum result = 140696291901440.000000 
Working on problem size N=33554432 
Problem size N=33554432 took 0.184838 seconds Sum result = 562949953421312.000000 
Working on problem size N=67108864 
Problem size N=67108864 took 0.501864 seconds Sum result = 1125899906842624.000000 
Working on problem size N=134217728 
Problem size N=134217728 took 1.883448 seconds Sum result = 2251799813685248.000000 
Working on problem size N=268435456 
Problem size N=268435456 took 2.634770 seconds Sum result = 4503599627370496.000000 
Working on method sum_indirect, trial 3
Working on problem size N=8388608 
Problem size N=8388608 took 0.053929 seconds Sum result = 36037774540800.000000 
Working on problem size N=16777216 
Problem size N=16777216 took 0.259410 seconds Sum result = 140696291901440.000000 
Working on problem size N=33554432 
Problem size N=33554432 took 0.187362 seconds Sum result = 562949953421312.000000 
Working on problem size N=67108864 
Problem size N=67108864 took 0.511762 seconds Sum result = 1125899906842624.000000 
Working on problem size N=134217728 
Problem size N=134217728 took 1.811958 seconds Sum result = 2251799813685248.000000 
Working on problem size N=268435456 
Problem size N=268435456 took 2.468695 seconds Sum result = 4503599627370496.000000 
Working on method sum_indirect_seed, trial 1
Working on problem size N=8388608 
Problem size N=8388608 took 0.055919 seconds Sum result = 35367583481856.000000 
Working on problem size N=16777216 
Problem size N=16777216 took 0.128243 seconds Sum result = 140193436794880.000000 
Working on problem size N=33554432 
Problem size N=33554432 took 0.217708 seconds Sum result = 555035100446720.000000 
Working on problem size N=67108864 
Problem size N=67108864 took 0.533029 seconds Sum result = 1125899906842624.000000 
Working on problem size N=134217728 
Problem size N=134217728 took 1.227988 seconds Sum result = 2251799813685248.000000 
Working on problem size N=268435456 
Problem size N=268435456 took 2.257290 seconds Sum result = 4503599627370496.000000 
Working on method sum_indirect_seed, trial 2
Working on problem size N=8388608 
Problem size N=8388608 took 0.056143 seconds Sum result = 35091355009024.000000 
Working on problem size N=16777216 
Problem size N=16777216 took 0.067007 seconds Sum result = 123850163486720.000000 
Working on problem size N=33554432 
Problem size N=33554432 took 0.223727 seconds Sum result = 562949953421312.000000 
Working on problem size N=67108864 
Problem size N=67108864 took 0.590393 seconds Sum result = 1125899906842624.000000 
Working on problem size N=134217728 
Problem size N=134217728 took 2.262338 seconds Sum result = 2251799813685248.000000 
Working on problem size N=268435456 
Problem size N=268435456 took 2.780034 seconds Sum result = 4503599627370496.000000 
Working on method sum_indirect_seed, trial 3
Working on problem size N=8388608 
Problem size N=8388608 took 0.052735 seconds Sum result = 35940668014592.000000 
Working on problem size N=16777216 
Problem size N=16777216 took 0.098474 seconds Sum result = 139518673944576.000000 
Working on problem size N=33554432 
Problem size N=33554432 took 0.171525 seconds Sum result = 562949953421312.000000 
Working on problem size N=67108864 
Problem size N=67108864 took 0.361883 seconds Sum result = 1125899906842624.000000 
Working on problem size N=134217728 
Problem size N=134217728 took 0.795043 seconds Sum result = 2251799813685248.000000 
Working on problem size N=268435456 
Problem size N=268435456 took 3.187627 seconds Sum result = 4503599627370496.000000 
