Working on method sum_direct, trial 1
Working on problem size N=8388608 
 inside direct_sum problem_setup, N=8388608 
 inside direct_sum perform_sum, N=8388608 
Problem size N=8388608 took 0.029991 seconds Sum result = 35197542203392.000000 
Working on problem size N=16777216 
 inside direct_sum problem_setup, N=16777216 
 inside direct_sum perform_sum, N=16777216 
Problem size N=16777216 took 0.057738 seconds Sum result = 146610319261696.000000 
Working on problem size N=33554432 
 inside direct_sum problem_setup, N=33554432 
 inside direct_sum perform_sum, N=33554432 
Problem size N=33554432 took 0.114785 seconds Sum result = 562949953421312.000000 
Working on problem size N=67108864 
 inside direct_sum problem_setup, N=67108864 
 inside direct_sum perform_sum, N=67108864 
Problem size N=67108864 took 0.229224 seconds Sum result = 1125899906842624.000000 
Working on problem size N=134217728 
 inside direct_sum problem_setup, N=134217728 
 inside direct_sum perform_sum, N=134217728 
Problem size N=134217728 took 0.458792 seconds Sum result = 2251799813685248.000000 
Working on problem size N=268435456 
 inside direct_sum problem_setup, N=268435456 
 inside direct_sum perform_sum, N=268435456 
Problem size N=268435456 took 0.917048 seconds Sum result = 4503599627370496.000000 
Working on method sum_vector, trial 1
Working on problem size N=8388608 
 inside sum_vector problem_setup, N=8388608 
 inside sum_vector perform_sum, N=8388608 
Problem size N=8388608 took 0.030008 seconds Sum result = 35197542203392.000000 
Working on problem size N=16777216 
 inside sum_vector problem_setup, N=16777216 
 inside sum_vector perform_sum, N=16777216 
Problem size N=16777216 took 0.057410 seconds Sum result = 146610319261696.000000 
Working on problem size N=33554432 
 inside sum_vector problem_setup, N=33554432 
 inside sum_vector perform_sum, N=33554432 
Problem size N=33554432 took 0.114820 seconds Sum result = 562949953421312.000000 
Working on problem size N=67108864 
 inside sum_vector problem_setup, N=67108864 
 inside sum_vector perform_sum, N=67108864 
Problem size N=67108864 took 0.229742 seconds Sum result = 1125899906842624.000000 
Working on problem size N=134217728 
 inside sum_vector problem_setup, N=134217728 
 inside sum_vector perform_sum, N=134217728 
Problem size N=134217728 took 0.459171 seconds Sum result = 2251799813685248.000000 
Working on problem size N=268435456 
 inside sum_vector problem_setup, N=268435456 
 inside sum_vector perform_sum, N=268435456 
Problem size N=268435456 took 0.921343 seconds Sum result = 4503599627370496.000000 
Working on method sum_indirect, trial 1
Working on problem size N=8388608 
Problem size N=8388608 took 0.077797 seconds Sum result = 36037774540800.000000 
Working on problem size N=16777216 
Problem size N=16777216 took 0.291638 seconds Sum result = 140696291901440.000000 
Working on problem size N=33554432 
Problem size N=33554432 took 0.283662 seconds Sum result = 562949953421312.000000 
Working on problem size N=67108864 
Problem size N=67108864 took 0.702059 seconds Sum result = 1125899906842624.000000 
Working on problem size N=134217728 
Problem size N=134217728 took 2.078962 seconds Sum result = 2251799813685248.000000 
Working on problem size N=268435456 
Problem size N=268435456 took 3.237096 seconds Sum result = 4503599627370496.000000 
Working on method sum_indirect, trial 2
Working on problem size N=8388608 
Problem size N=8388608 took 0.078529 seconds Sum result = 36037774540800.000000 
Working on problem size N=16777216 
Problem size N=16777216 took 0.279492 seconds Sum result = 140696291901440.000000 
Working on problem size N=33554432 
Problem size N=33554432 took 0.287421 seconds Sum result = 562949953421312.000000 
Working on problem size N=67108864 
Problem size N=67108864 took 0.708364 seconds Sum result = 1125899906842624.000000 
Working on problem size N=134217728 
Problem size N=134217728 took 2.124391 seconds Sum result = 2251799813685248.000000 
Working on problem size N=268435456 
Problem size N=268435456 took 3.345710 seconds Sum result = 4503599627370496.000000 
Working on method sum_indirect, trial 3
Working on problem size N=8388608 
Problem size N=8388608 took 0.077097 seconds Sum result = 36037774540800.000000 
Working on problem size N=16777216 
Problem size N=16777216 took 0.282581 seconds Sum result = 140696291901440.000000 
Working on problem size N=33554432 
Problem size N=33554432 took 0.284754 seconds Sum result = 562949953421312.000000 
Working on problem size N=67108864 
Problem size N=67108864 took 0.703669 seconds Sum result = 1125899906842624.000000 
Working on problem size N=134217728 
Problem size N=134217728 took 2.232005 seconds Sum result = 2251799813685248.000000 
Working on problem size N=268435456 
Problem size N=268435456 took 3.311398 seconds Sum result = 4503599627370496.000000 
Working on method sum_indirect_seed, trial 1
Working on problem size N=8388608 
seed: A41A 00 8925Problem size N=8388608 took 0.077344 seconds Sum result = 34709014839296.000000 
Working on problem size N=16777216 
seed: A41A 00 6274Problem size N=16777216 took 0.156994 seconds Sum result = 142943625150464.000000 
Working on problem size N=33554432 
seed: A41B 00 FCECProblem size N=33554432 took 0.287377 seconds Sum result = 540749233913856.000000 
Working on problem size N=67108864 
seed: A41B 00 D613Problem size N=67108864 took 0.604320 seconds Sum result = 1125899906842624.000000 
Working on problem size N=134217728 
seed: A41C 00 E355Problem size N=134217728 took 1.461799 seconds Sum result = 2251799813685248.000000 
Working on problem size N=268435456 
seed: A41F 00 16E8Problem size N=268435456 took 5.605084 seconds Sum result = 4503599627370496.000000 
Working on method sum_indirect_seed, trial 2
Working on problem size N=8388608 
seed: A427 00 E313Problem size N=8388608 took 0.107441 seconds Sum result = 34962671665152.000000 
Working on problem size N=16777216 
seed: A427 00 1478Problem size N=16777216 took 0.121979 seconds Sum result = 133549860585472.000000 
Working on problem size N=33554432 
seed: A427 00 F03FProblem size N=33554432 took 0.640154 seconds Sum result = 562949953421312.000000 
Working on problem size N=67108864 
seed: A428 00 70CCProblem size N=67108864 took 1.292340 seconds Sum result = 1125899906842624.000000 
Working on problem size N=134217728 
seed: A42A 00 8916Problem size N=134217728 took 1.550133 seconds Sum result = 2251799813685248.000000 
Working on problem size N=268435456 
seed: A42C 00 C94CProblem size N=268435456 took 2.380898 seconds Sum result = 4503599627370496.000000 
Working on method sum_indirect_seed, trial 3
Working on problem size N=8388608 
seed: A431 00 2098Problem size N=8388608 took 0.079653 seconds Sum result = 35575109255168.000000 
Working on problem size N=16777216 
seed: A431 00 3A68Problem size N=16777216 took 0.154130 seconds Sum result = 138760452833280.000000 
Working on problem size N=33554432 
seed: A431 00 2363Problem size N=33554432 took 0.274585 seconds Sum result = 562949953421312.000000 
Working on problem size N=67108864 
seed: A432 00 8A52Problem size N=67108864 took 0.726874 seconds Sum result = 1125899906842624.000000 
Working on problem size N=134217728 
seed: A433 00 4E95Problem size N=134217728 took 2.373294 seconds Sum result = 2251799813685248.000000 
Working on problem size N=268435456 
seed: A436 00 D7A6Problem size N=268435456 took 4.872040 seconds Sum result = 4503599627370496.000000 
