Working on method sum_direct, trial 1
Working on problem size N=8388608 
 inside direct_sum problem_setup, N=8388608 
 inside direct_sum perform_sum, N=8388608 
Problem size N=8388608 took 0.007494 seconds Sum result = 35197542203392.000000 
Working on problem size N=16777216 
 inside direct_sum problem_setup, N=16777216 
 inside direct_sum perform_sum, N=16777216 
Problem size N=16777216 took 0.014934 seconds Sum result = 146610319261696.000000 
Working on problem size N=33554432 
 inside direct_sum problem_setup, N=33554432 
 inside direct_sum perform_sum, N=33554432 
Problem size N=33554432 took 0.029211 seconds Sum result = 562949953421312.000000 
Working on problem size N=67108864 
 inside direct_sum problem_setup, N=67108864 
 inside direct_sum perform_sum, N=67108864 
Problem size N=67108864 took 0.057871 seconds Sum result = 1125899906842624.000000 
Working on problem size N=134217728 
 inside direct_sum problem_setup, N=134217728 
 inside direct_sum perform_sum, N=134217728 
Problem size N=134217728 took 0.115028 seconds Sum result = 2251799813685248.000000 
Working on problem size N=268435456 
 inside direct_sum problem_setup, N=268435456 
 inside direct_sum perform_sum, N=268435456 
Problem size N=268435456 took 0.229886 seconds Sum result = 4503599627370496.000000 
Working on method sum_vector, trial 1
Working on problem size N=8388608 
 inside sum_vector problem_setup, N=8388608 
 inside sum_vector perform_sum, N=8388608 
Problem size N=8388608 took 0.007178 seconds Sum result = 35197542203392.000000 
Working on problem size N=16777216 
 inside sum_vector problem_setup, N=16777216 
 inside sum_vector perform_sum, N=16777216 
Problem size N=16777216 took 0.014415 seconds Sum result = 146610319261696.000000 
Working on problem size N=33554432 
 inside sum_vector problem_setup, N=33554432 
 inside sum_vector perform_sum, N=33554432 
Problem size N=33554432 took 0.028734 seconds Sum result = 562949953421312.000000 
Working on problem size N=67108864 
 inside sum_vector problem_setup, N=67108864 
 inside sum_vector perform_sum, N=67108864 
Problem size N=67108864 took 0.057426 seconds Sum result = 1125899906842624.000000 
Working on problem size N=134217728 
 inside sum_vector problem_setup, N=134217728 
 inside sum_vector perform_sum, N=134217728 
Problem size N=134217728 took 0.114891 seconds Sum result = 2251799813685248.000000 
Working on problem size N=268435456 
 inside sum_vector problem_setup, N=268435456 
 inside sum_vector perform_sum, N=268435456 
Problem size N=268435456 took 0.230615 seconds Sum result = 4503599627370496.000000 
Working on method sum_indirect, trial 1
Working on problem size N=8388608 
Problem size N=8388608 took 0.053989 seconds Sum result = 36037774540800.000000 
Working on problem size N=16777216 
Problem size N=16777216 took 0.239328 seconds Sum result = 140696291901440.000000 
Working on problem size N=33554432 
Problem size N=33554432 took 0.189561 seconds Sum result = 562949953421312.000000 
Working on problem size N=67108864 
Problem size N=67108864 took 0.516363 seconds Sum result = 1125899906842624.000000 
Working on problem size N=134217728 
Problem size N=134217728 took 1.756507 seconds Sum result = 2251799813685248.000000 
Working on problem size N=268435456 
Problem size N=268435456 took 2.677113 seconds Sum result = 4503599627370496.000000 
Working on method sum_indirect, trial 2
Working on problem size N=8388608 
Problem size N=8388608 took 0.053148 seconds Sum result = 36037774540800.000000 
Working on problem size N=16777216 
Problem size N=16777216 took 0.244228 seconds Sum result = 140696291901440.000000 
Working on problem size N=33554432 
Problem size N=33554432 took 0.192039 seconds Sum result = 562949953421312.000000 
Working on problem size N=67108864 
Problem size N=67108864 took 0.525664 seconds Sum result = 1125899906842624.000000 
Working on problem size N=134217728 
Problem size N=134217728 took 1.890286 seconds Sum result = 2251799813685248.000000 
Working on problem size N=268435456 
Problem size N=268435456 took 2.907383 seconds Sum result = 4503599627370496.000000 
Working on method sum_indirect, trial 3
Working on problem size N=8388608 
Problem size N=8388608 took 0.054557 seconds Sum result = 36037774540800.000000 
Working on problem size N=16777216 
Problem size N=16777216 took 0.229249 seconds Sum result = 140696291901440.000000 
Working on problem size N=33554432 
Problem size N=33554432 took 0.188629 seconds Sum result = 562949953421312.000000 
Working on problem size N=67108864 
Problem size N=67108864 took 0.502851 seconds Sum result = 1125899906842624.000000 
Working on problem size N=134217728 
Problem size N=134217728 took 1.923035 seconds Sum result = 2251799813685248.000000 
Working on problem size N=268435456 
Problem size N=268435456 took 2.521443 seconds Sum result = 4503599627370496.000000 
Working on method sum_indirect_seed, trial 1
Working on problem size N=8388608 
seed: A789 00 18D3Problem size N=8388608 took 0.055897 seconds Sum result = 35015773650944.000000 
Working on problem size N=16777216 
seed: A789 00 5096Problem size N=16777216 took 0.078192 seconds Sum result = 140240832430080.000000 
Working on problem size N=33554432 
seed: A789 00 EE7FProblem size N=33554432 took 0.339933 seconds Sum result = 558967512104960.000000 
Working on problem size N=67108864 
seed: A78A 00 67E5Problem size N=67108864 took 1.115675 seconds Sum result = 1125899906842624.000000 
Working on problem size N=134217728 
seed: A78C 00 E5CCProblem size N=134217728 took 1.256729 seconds Sum result = 2251799813685248.000000 
Working on problem size N=268435456 
seed: A78E 00 EE2DProblem size N=268435456 took 2.323084 seconds Sum result = 4503599627370496.000000 
Working on method sum_indirect_seed, trial 2
Working on problem size N=8388608 
seed: A792 00 FA61Problem size N=8388608 took 0.054205 seconds Sum result = 36081164615680.000000 
Working on problem size N=16777216 
seed: A792 00 C1B8Problem size N=16777216 took 0.079907 seconds Sum result = 142633900965888.000000 
Working on problem size N=33554432 
seed: A792 00 8DCEProblem size N=33554432 took 0.215004 seconds Sum result = 562949953421312.000000 
Working on problem size N=67108864 
seed: A793 00 A8DAProblem size N=67108864 took 0.509969 seconds Sum result = 1125899906842624.000000 
Working on problem size N=134217728 
seed: A794 00 96F8Problem size N=134217728 took 1.103022 seconds Sum result = 2251799813685248.000000 
Working on problem size N=268435456 
seed: A796 00 C2C4Problem size N=268435456 took 2.730304 seconds Sum result = 4503599627370496.000000 
Working on method sum_indirect_seed, trial 3
Working on problem size N=8388608 
seed: A79B 00 52FEProblem size N=8388608 took 0.053584 seconds Sum result = 36462435237888.000000 
Working on problem size N=16777216 
seed: A79B 00 A1F9Problem size N=16777216 took 0.068958 seconds Sum result = 150004668825600.000000 
Working on problem size N=33554432 
seed: A79B 00 AC34Problem size N=33554432 took 0.213907 seconds Sum result = 562949953421312.000000 
Working on problem size N=67108864 
seed: A79B 00 8008Problem size N=67108864 took 0.486619 seconds Sum result = 1125899906842624.000000 
Working on problem size N=134217728 
seed: A79C 00 6785Problem size N=134217728 took 1.073758 seconds Sum result = 2251799813685248.000000 
Working on problem size N=268435456 
seed: A79E 00 DFF6Problem size N=268435456 took 2.282607 seconds Sum result = 4503599627370496.000000 
